{
  "RSpec": {
    "coverage": {
      "/home/pjmaciel/Desktop/projects/Projeto-Estagio-Back-End-Api/config/environment.rb": {
        "lines": [
          null,
          1,
          null,
          null,
          1
        ]
      },
      "/home/pjmaciel/Desktop/projects/Projeto-Estagio-Back-End-Api/config/application.rb": {
        "lines": [
          1,
          null,
          1,
          null,
          null,
          null,
          1,
          null,
          1,
          1,
          null,
          1,
          null,
          null,
          null,
          null,
          1,
          null,
          null,
          null,
          null,
          null,
          null,
          null,
          null,
          null,
          null,
          null,
          null,
          1,
          1,
          null,
          null
        ]
      },
      "/home/pjmaciel/Desktop/projects/Projeto-Estagio-Back-End-Api/config/boot.rb": {
        "lines": [
          1,
          null,
          1,
          1
        ]
      },
      "/home/pjmaciel/Desktop/projects/Projeto-Estagio-Back-End-Api/config/environments/test.rb": {
        "lines": [
          1,
          null,
          null,
          null,
          null,
          null,
          null,
          1,
          null,
          null,
          null,
          1,
          null,
          null,
          null,
          null,
          null,
          1,
          null,
          null,
          1,
          1,
          null,
          null,
          null,
          null,
          1,
          1,
          1,
          null,
          null,
          1,
          null,
          null,
          1,
          null,
          null,
          1,
          null,
          1,
          null,
          null,
          null,
          null,
          1,
          null,
          null,
          1,
          null,
          null,
          1,
          null,
          null,
          1,
          null,
          null,
          null,
          null,
          null,
          null,
          null,
          null,
          1,
          null
        ]
      },
      "/home/pjmaciel/Desktop/projects/Projeto-Estagio-Back-End-Api/config/initializers/cors.rb": {
        "lines": [
          null,
          null,
          null,
          null,
          null,
          null,
          null,
          null,
          null,
          null,
          null,
          null,
          null,
          null,
          null,
          null
        ]
      },
      "/home/pjmaciel/Desktop/projects/Projeto-Estagio-Back-End-Api/config/initializers/filter_parameter_logging.rb": {
        "lines": [
          null,
          null,
          null,
          null,
          null,
          1,
          null,
          null
        ]
      },
      "/home/pjmaciel/Desktop/projects/Projeto-Estagio-Back-End-Api/config/initializers/inflections.rb": {
        "lines": [
          null,
          null,
          null,
          null,
          null,
          null,
          null,
          null,
          null,
          null,
          null,
          null,
          null,
          null,
          null,
          null
        ]
      },
      "/home/pjmaciel/Desktop/projects/Projeto-Estagio-Back-End-Api/config/routes.rb": {
        "lines": [
          1,
          1,
          1,
          1,
          1,
          1,
          null,
          1,
          1,
          null,
          null,
          null,
          null,
          1,
          null,
          null,
          null,
          null
        ]
      },
      "/home/pjmaciel/Desktop/projects/Projeto-Estagio-Back-End-Api/app/controllers/answers_controller.rb": {
        "lines": [
          1,
          1,
          null,
          1,
          0,
          0,
          null,
          null,
          1,
          0,
          null,
          null,
          1,
          0,
          null,
          0,
          0,
          null,
          0,
          null,
          null,
          null,
          1,
          0,
          0,
          null,
          0,
          null,
          null,
          null,
          1,
          1,
          null,
          null,
          1,
          null,
          1,
          1,
          null,
          null,
          1,
          0,
          null,
          null
        ]
      },
      "/home/pjmaciel/Desktop/projects/Projeto-Estagio-Back-End-Api/app/controllers/application_controller.rb": {
        "lines": [
          null,
          1,
          1,
          null,
          1,
          null,
          1,
          1,
          1,
          null,
          1,
          1,
          null,
          0,
          null,
          null,
          null
        ]
      },
      "/home/pjmaciel/Desktop/projects/Projeto-Estagio-Back-End-Api/app/controllers/concerns/json_web_token.rb": {
        "lines": [
          null,
          1,
          1,
          null,
          1,
          null,
          1,
          1,
          1,
          null,
          null,
          1,
          1,
          null,
          1,
          1,
          null,
          0,
          null,
          null
        ]
      },
      "/home/pjmaciel/Desktop/projects/Projeto-Estagio-Back-End-Api/app/models/user.rb": {
        "lines": [
          1,
          1,
          null,
          1,
          1,
          1,
          1,
          null
        ]
      },
      "/home/pjmaciel/Desktop/projects/Projeto-Estagio-Back-End-Api/app/models/application_record.rb": {
        "lines": [
          1,
          1,
          null
        ]
      },
      "/home/pjmaciel/Desktop/projects/Projeto-Estagio-Back-End-Api/app/validators/cpf_validator.rb": {
        "lines": [
          1,
          1,
          2,
          0,
          null,
          null,
          null
        ]
      },
      "/home/pjmaciel/Desktop/projects/Projeto-Estagio-Back-End-Api/app/models/answer.rb": {
        "lines": [
          1,
          1,
          1,
          1,
          null,
          1,
          1,
          null
        ]
      },
      "/home/pjmaciel/Desktop/projects/Projeto-Estagio-Back-End-Api/app/models/formulary.rb": {
        "lines": [
          1,
          1,
          1,
          null
        ]
      },
      "/home/pjmaciel/Desktop/projects/Projeto-Estagio-Back-End-Api/app/models/question.rb": {
        "lines": [
          1,
          1,
          null,
          1,
          null
        ]
      },
      "/home/pjmaciel/Desktop/projects/Projeto-Estagio-Back-End-Api/app/models/visit.rb": {
        "lines": [
          1,
          1,
          null,
          1,
          null,
          null,
          null,
          null,
          null,
          2,
          1,
          1,
          1,
          1,
          null
        ]
      }
    },
    "timestamp": 1722990409
  }
}
